<?xml version="1.0" encoding="UTF-8"?>
<testsuite name="org.gradle.demo.HelloServletTest" tests="3" skipped="0" failures="0" errors="0" timestamp="2019-02-26T20:09:32" hostname="jensi.local" time="0.403">
  <properties/>
  <testcase name="doPostWithoutName" classname="org.gradle.demo.HelloServletTest" time="0.401"/>
  <testcase name="doGet" classname="org.gradle.demo.HelloServletTest" time="0.001"/>
  <testcase name="doPostWithName" classname="org.gradle.demo.HelloServletTest" time="0.001"/>
  <system-out><![CDATA[]]></system-out>
  <system-err><![CDATA[]]></system-err>
</testsuite>
